e:\c++ projects\tg bot\tg bot\x64\debug\vc143.pdb
e:\c++ projects\tg bot\tg bot\x64\debug\vc143.idb
e:\c++ projects\tg bot\tg bot\x64\debug\tg bot.obj
e:\c++ projects\tg bot\tg bot\x64\debug\stickersetuser.obj
e:\c++ projects\tg bot\tg bot\x64\debug\mysqlconnection.obj
e:\c++ projects\tg bot\tg bot\x64\debug\botrunner.obj
e:\c++ projects\tg bot\tg bot\x64\debug\base64.obj
e:\c++ projects\tg bot\tg bot\x64\debug\sfmlrunner.obj
e:\c++ projects\tg bot\tg bot\x64\debug\advertisment.obj
e:\c++ projects\tg bot\tg bot\x64\debug\tg bot.exe
e:\c++ projects\tg bot\tg bot\x64\debug\tg bot.ilk
e:\c++ projects\tg bot\tg bot\x64\debug\tg bot.pdb
e:\c++ projects\tg bot\tg bot\x64\debug\tgbot.dll
e:\c++ projects\tg bot\tg bot\x64\debug\libssl-3-x64.dll
e:\c++ projects\tg bot\tg bot\x64\debug\libcrypto-3-x64.dll
e:\c++ projects\tg bot\tg bot\x64\debug\libcurl-d.dll
e:\c++ projects\tg bot\tg bot\x64\debug\zlibd1.dll
e:\c++ projects\tg bot\tg bot\x64\debug\sfmlrunner.obj.enc
e:\c++ projects\tg bot\tg bot\x64\debug\tg bot.obj.enc
e:\c++ projects\tg bot\tg bot\x64\debug\tg bot.tlog\cl.command.1.tlog
e:\c++ projects\tg bot\tg bot\x64\debug\tg bot.tlog\cl.read.1.tlog
e:\c++ projects\tg bot\tg bot\x64\debug\tg bot.tlog\cl.write.1.tlog
e:\c++ projects\tg bot\tg bot\x64\debug\tg bot.tlog\link.command.1.tlog
e:\c++ projects\tg bot\tg bot\x64\debug\tg bot.tlog\link.read.1.tlog
e:\c++ projects\tg bot\tg bot\x64\debug\tg bot.tlog\link.write.1.tlog
e:\c++ projects\tg bot\tg bot\x64\debug\tg bot.tlog\tg bot.write.1u.tlog
